[2020-06-11T14:52:13.813] [DEBUG] forward-log - [chat-server-1 msgRemote.js] session:[55,1*1,connector-server-2], handle message: {"id":3,"type":0,"compressRoute":0,"route":"chat.entryHandler.send","body":{"content":"123","rid":"1"},"compressGzip":0}
[2020-06-11T14:52:13.930] [DEBUG] forward-log - [chat-server-1 msgRemote.js] session:[55,1*1,connector-server-2], handle message result,err:{},msg:{"id":3,"type":0,"compressRoute":0,"route":"chat.entryHandler.send","body":{"content":"123","rid":"1"},"compressGzip":0},resp:undefined
[2020-06-11T15:09:53.223] [DEBUG] forward-log - [chat-server-1 msgRemote.js] session:[56,1*1,connector-server-2], handle message: {"id":3,"type":0,"compressRoute":0,"route":"chat.entryHandler.send","body":{"content":"123","rid":"1"},"compressGzip":0}
[2020-06-11T15:09:53.228] [DEBUG] forward-log - [chat-server-1 msgRemote.js] session:[56,1*1,connector-server-2], handle message result,err:{},msg:{"id":3,"type":0,"compressRoute":0,"route":"chat.entryHandler.send","body":{"content":"123","rid":"1"},"compressGzip":0},resp:undefined
[2020-06-11T15:14:05.562] [DEBUG] forward-log - [chat-server-1 msgRemote.js] session:[1,1*1,connector-server-1], handle message: {"id":3,"type":0,"compressRoute":0,"route":"chat.entryHandler.send","body":{"content":"1123","rid":"1"},"compressGzip":0}
[2020-06-11T15:14:05.613] [DEBUG] forward-log - [chat-server-1 msgRemote.js] session:[1,1*1,connector-server-1], handle message result,err:{},msg:{"id":3,"type":0,"compressRoute":0,"route":"chat.entryHandler.send","body":{"content":"1123","rid":"1"},"compressGzip":0},resp:undefined
[2020-06-11T15:15:50.143] [DEBUG] forward-log - [chat-server-1 msgRemote.js] session:[3,1*1,connector-server-1], handle message: {"id":3,"type":0,"compressRoute":0,"route":"chat.chatHandler.send","body":{"content":"123","rid":"1"},"compressGzip":0}
[2020-06-11T15:15:50.147] [DEBUG] forward-log - [chat-server-1 msgRemote.js] session:[3,1*1,connector-server-1], handle message result,err:{},msg:{"id":3,"type":0,"compressRoute":0,"route":"chat.chatHandler.send","body":{"content":"123","rid":"1"},"compressGzip":0},resp:undefined
[2020-06-11T15:18:27.904] [DEBUG] forward-log - [chat-server-1 msgRemote.js] session:[6,2*1,connector-server-1], handle message: {"id":3,"type":0,"compressRoute":0,"route":"chat.chatHandler.send","body":{"content":{"content":"123123","target":"*"},"rid":"1"},"compressGzip":0}
[2020-06-11T15:18:27.906] [DEBUG] forward-log - [chat-server-1 msgRemote.js] session:[6,2*1,connector-server-1], handle message result,err:{},msg:{"id":3,"type":0,"compressRoute":0,"route":"chat.chatHandler.send","body":{"content":{"content":"123123","target":"*"},"rid":"1"},"compressGzip":0},resp:undefined
[2020-06-11T15:20:11.292] [DEBUG] forward-log - [chat-server-1 msgRemote.js] session:[2,2*1,connector-server-2], handle message: {"id":3,"type":0,"compressRoute":0,"route":"chat.chatHandler.send","body":{"content":{"content":"123","target":"*"},"rid":"1"},"compressGzip":0}
[2020-06-11T15:20:11.346] [DEBUG] forward-log - [chat-server-1 msgRemote.js] session:[2,2*1,connector-server-2], handle message result,err:{},msg:{"id":3,"type":0,"compressRoute":0,"route":"chat.chatHandler.send","body":{"content":{"content":"123","target":"*"},"rid":"1"},"compressGzip":0},resp:undefined
[2020-06-11T15:22:32.475] [DEBUG] forward-log - [chat-server-1 msgRemote.js] session:[1,1*1,connector-server-2], handle message: {"id":3,"type":0,"compressRoute":0,"route":"chat.chatHandler.send","body":{"content":{"content":"13131是的","target":"*"},"rid":"1"},"compressGzip":0}
[2020-06-11T15:22:32.484] [DEBUG] forward-log - [chat-server-1 msgRemote.js] session:[1,1*1,connector-server-2], handle message result,err:null,msg:{"id":3,"type":0,"compressRoute":0,"route":"chat.chatHandler.send","body":{"content":{"content":"13131是的","target":"*"},"rid":"1"},"compressGzip":0},resp:undefined
[2020-06-11T15:24:33.977] [DEBUG] forward-log - [chat-server-1 msgRemote.js] session:[1,1*1,connector-server-2], handle message: {"id":3,"type":0,"compressRoute":0,"route":"chat.chatHandler.send","body":{"content":{"content":"你在哪儿啊","target":"*"},"rid":"1"},"compressGzip":0}
[2020-06-11T15:24:33.986] [DEBUG] forward-log - [chat-server-1 msgRemote.js] session:[1,1*1,connector-server-2], handle message result,err:null,msg:{"id":3,"type":0,"compressRoute":0,"route":"chat.chatHandler.send","body":{"content":{"content":"你在哪儿啊","target":"*"},"rid":"1"},"compressGzip":0},resp:undefined
[2020-06-11T15:24:49.875] [DEBUG] forward-log - [chat-server-1 msgRemote.js] session:[1,1*1,connector-server-2], handle message: {"id":4,"type":0,"compressRoute":0,"route":"chat.chatHandler.send","body":{"content":{"content":"你在哪儿啊","target":"*"},"rid":"1"},"compressGzip":0}
[2020-06-11T15:24:49.876] [DEBUG] forward-log - [chat-server-1 msgRemote.js] session:[1,1*1,connector-server-2], handle message result,err:null,msg:{"id":4,"type":0,"compressRoute":0,"route":"chat.chatHandler.send","body":{"content":{"content":"你在哪儿啊","target":"*"},"rid":"1"},"compressGzip":0},resp:undefined
[2020-06-11T15:25:26.424] [DEBUG] forward-log - [chat-server-1 msgRemote.js] session:[1,1*1,connector-server-2], handle message: {"id":5,"type":0,"compressRoute":0,"route":"chat.chatHandler.send","body":{"content":{"content":"你在哪儿啊","target":"*"},"rid":"1"},"compressGzip":0}
[2020-06-11T15:25:26.425] [DEBUG] forward-log - [chat-server-1 msgRemote.js] session:[1,1*1,connector-server-2], handle message result,err:null,msg:{"id":5,"type":0,"compressRoute":0,"route":"chat.chatHandler.send","body":{"content":{"content":"你在哪儿啊","target":"*"},"rid":"1"},"compressGzip":0},resp:undefined
[2020-06-11T15:27:09.379] [DEBUG] forward-log - [chat-server-1 msgRemote.js] session:[2,2*1,connector-server-2], handle message: {"id":3,"type":0,"compressRoute":0,"route":"chat.chatHandler.send","body":{"content":{"content":"123","target":"*"},"rid":"1"},"compressGzip":0}
[2020-06-11T15:27:09.387] [DEBUG] forward-log - [chat-server-1 msgRemote.js] session:[2,2*1,connector-server-2], handle message result,err:null,msg:{"id":3,"type":0,"compressRoute":0,"route":"chat.chatHandler.send","body":{"content":{"content":"123","target":"*"},"rid":"1"},"compressGzip":0},resp:undefined
[2020-06-11T15:28:32.227] [DEBUG] forward-log - [chat-server-1 msgRemote.js] session:[1,1*1,connector-server-2], handle message: {"id":3,"type":0,"compressRoute":0,"route":"chat.chatHandler.send","body":{"content":{"content":"123","target":"*"},"rid":"1"},"compressGzip":0}
[2020-06-11T15:28:32.230] [DEBUG] forward-log - [chat-server-1 msgRemote.js] session:[1,1*1,connector-server-2], handle message result,err:null,msg:{"id":3,"type":0,"compressRoute":0,"route":"chat.chatHandler.send","body":{"content":{"content":"123","target":"*"},"rid":"1"},"compressGzip":0},resp:undefined
[2020-06-11T15:30:32.832] [DEBUG] forward-log - [chat-server-1 msgRemote.js] session:[3,1*1,connector-server-2], handle message: {"id":3,"type":0,"compressRoute":0,"route":"chat.chatHandler.send","body":{"content":"123","target":"*"},"compressGzip":0}
[2020-06-11T15:30:32.833] [DEBUG] forward-log - [chat-server-1 msgRemote.js] session:[3,1*1,connector-server-2], handle message result,err:null,msg:{"id":3,"type":0,"compressRoute":0,"route":"chat.chatHandler.send","body":{"content":"123","target":"*"},"compressGzip":0},resp:undefined
[2020-06-11T15:32:15.637] [DEBUG] forward-log - [chat-server-1 msgRemote.js] session:[5,1*1,connector-server-2], handle message: {"id":3,"type":0,"compressRoute":0,"route":"chat.chatHandler.send","body":{"content":"欢迎新朋友加入啊","target":"*"},"compressGzip":0}
[2020-06-11T15:32:15.638] [DEBUG] forward-log - [chat-server-1 msgRemote.js] session:[5,1*1,connector-server-2], handle message result,err:null,msg:{"id":3,"type":0,"compressRoute":0,"route":"chat.chatHandler.send","body":{"content":"欢迎新朋友加入啊","target":"*"},"compressGzip":0},resp:undefined
[2020-06-11T15:32:39.758] [DEBUG] forward-log - [chat-server-1 msgRemote.js] session:[7,lion*1,connector-server-2], handle message: {"id":3,"type":0,"compressRoute":0,"route":"chat.chatHandler.send","body":{"content":"我来自中国","target":"*"},"compressGzip":0}
[2020-06-11T15:32:39.760] [DEBUG] forward-log - [chat-server-1 msgRemote.js] session:[7,lion*1,connector-server-2], handle message result,err:null,msg:{"id":3,"type":0,"compressRoute":0,"route":"chat.chatHandler.send","body":{"content":"我来自中国","target":"*"},"compressGzip":0},resp:undefined
[2020-06-11T15:44:13.772] [DEBUG] forward-log - [chat-server-1 msgRemote.js] session:[14,1*1,connector-server-2], handle message: {"id":3,"type":0,"compressRoute":0,"route":"chat.chatHandler.send","body":{"content":"123","target":"*"},"compressGzip":0}
[2020-06-11T15:44:13.773] [DEBUG] forward-log - [chat-server-1 msgRemote.js] session:[14,1*1,connector-server-2], handle message result,err:null,msg:{"id":3,"type":0,"compressRoute":0,"route":"chat.chatHandler.send","body":{"content":"123","target":"*"},"compressGzip":0},resp:undefined
[2020-06-11T15:46:54.420] [DEBUG] forward-log - [chat-server-1 msgRemote.js] session:[15,123*1,connector-server-2], handle message: {"id":3,"type":0,"compressRoute":0,"route":"chat.chatHandler.send","body":{"content":"123","target":"*"},"compressGzip":0}
[2020-06-11T15:46:54.421] [DEBUG] forward-log - [chat-server-1 msgRemote.js] session:[15,123*1,connector-server-2], handle message result,err:null,msg:{"id":3,"type":0,"compressRoute":0,"route":"chat.chatHandler.send","body":{"content":"123","target":"*"},"compressGzip":0},resp:undefined
[2020-06-11T15:47:31.858] [DEBUG] forward-log - [chat-server-1 msgRemote.js] session:[16,123*1,connector-server-2], handle message: {"id":3,"type":0,"compressRoute":0,"route":"chat.chatHandler.send","body":{"content":"123123","target":"*"},"compressGzip":0}
[2020-06-11T15:47:31.862] [DEBUG] forward-log - [chat-server-1 msgRemote.js] session:[16,123*1,connector-server-2], handle message result,err:null,msg:{"id":3,"type":0,"compressRoute":0,"route":"chat.chatHandler.send","body":{"content":"123123","target":"*"},"compressGzip":0},resp:undefined
[2020-06-11T15:48:54.634] [DEBUG] forward-log - [chat-server-1 msgRemote.js] session:[17,123*1,connector-server-2], handle message: {"id":3,"type":0,"compressRoute":0,"route":"chat.chatHandler.send","body":{"content":"123","target":"*"},"compressGzip":0}
[2020-06-11T15:48:54.635] [DEBUG] forward-log - [chat-server-1 msgRemote.js] session:[17,123*1,connector-server-2], handle message result,err:null,msg:{"id":3,"type":0,"compressRoute":0,"route":"chat.chatHandler.send","body":{"content":"123","target":"*"},"compressGzip":0},resp:undefined
[2020-06-11T15:48:58.409] [DEBUG] forward-log - [chat-server-1 msgRemote.js] session:[18,345*1,connector-server-2], handle message: {"id":3,"type":0,"compressRoute":0,"route":"chat.chatHandler.send","body":{"content":"阿道夫","target":"*"},"compressGzip":0}
[2020-06-11T15:48:58.410] [DEBUG] forward-log - [chat-server-1 msgRemote.js] session:[18,345*1,connector-server-2], handle message result,err:null,msg:{"id":3,"type":0,"compressRoute":0,"route":"chat.chatHandler.send","body":{"content":"阿道夫","target":"*"},"compressGzip":0},resp:undefined
[2020-06-11T16:12:32.403] [DEBUG] forward-log - [chat-server-1 msgRemote.js] session:[1,12123*1,connector-server-1], handle message: {"id":3,"type":0,"compressRoute":0,"route":"chat.chatHandler.send","body":{"content":"阿斯顿撒的","target":"*"},"compressGzip":0}
[2020-06-11T16:12:32.423] [DEBUG] forward-log - [chat-server-1 msgRemote.js] session:[1,12123*1,connector-server-1], handle message result,err:null,msg:{"id":3,"type":0,"compressRoute":0,"route":"chat.chatHandler.send","body":{"content":"阿斯顿撒的","target":"*"},"compressGzip":0},resp:undefined
[2020-06-11T16:12:51.003] [DEBUG] forward-log - [chat-server-1 msgRemote.js] session:[1,12123*1,connector-server-1], handle message: {"id":4,"type":0,"compressRoute":0,"route":"chat.chatHandler.send","body":{"content":"nihao ","target":"*"},"compressGzip":0}
[2020-06-11T16:12:51.012] [DEBUG] forward-log - [chat-server-1 msgRemote.js] session:[1,12123*1,connector-server-1], handle message result,err:null,msg:{"id":4,"type":0,"compressRoute":0,"route":"chat.chatHandler.send","body":{"content":"nihao ","target":"*"},"compressGzip":0},resp:undefined
